<?xml version="1.0" encoding="UTF-8"?>
<!-- Generated by org.testng.reporters.JUnitXMLReporter -->
<testsuite ignored="0" hostname="inv000541win" failures="0" tests="2" name="Surefire test" time="24.572" errors="0" timestamp="2024-02-16T16:01:30 SAMT">
  <testcase classname="autoTest.RegTest" name="PassworTest on PassworTest(autoTest.RegTest)" time="14.214"/>
  <testcase classname="autoTest.RegTest" name="RegaTest on RegaTest(autoTest.RegTest)" time="24.523"/>
</testsuite> <!-- Surefire test -->
