<?xml version="1.0" encoding="UTF-8"?>
<testng-results ignored="0" total="2" passed="2" failed="0" skipped="0">
  <reporter-output>
  </reporter-output>
  <suite started-at="2024-02-16T16:01:05 SAMT" name="Surefire suite" finished-at="2024-02-16T16:01:30 SAMT" duration-ms="24572">
    <groups>
    </groups>
    <test started-at="2024-02-16T16:01:05 SAMT" name="Surefire test" finished-at="2024-02-16T16:01:30 SAMT" duration-ms="24572">
      <class name="autoTest.RegTest">
        <test-method signature="PassworTest() throws java.lang.InterruptedException" started-at="2024-02-16T16:01:05 SAMT" name="PassworTest" finished-at="2024-02-16T16:01:19 SAMT" duration-ms="14214" status="PASS">
          <reporter-output>
          </reporter-output>
        </test-method> <!-- PassworTest -->
        <test-method signature="RegaTest() throws java.lang.InterruptedException" started-at="2024-02-16T16:01:05 SAMT" name="RegaTest" finished-at="2024-02-16T16:01:30 SAMT" duration-ms="24523" status="PASS">
          <reporter-output>
          </reporter-output>
        </test-method> <!-- RegaTest -->
      </class> <!-- autoTest.RegTest -->
    </test> <!-- Surefire test -->
  </suite> <!-- Surefire suite -->
</testng-results>
